error: ReferenceError: logger is not defined
    at Object.logger [as getContestantById] (C:\Users\mzaka\Documents\TIM_SITE\monologue-backend\controllers\uploadControllers.js:139:5)
    at processTicksAndRejections (node:internal/process/task_queues:95:5)
    at C:\Users\mzaka\Documents\TIM_SITE\monologue-backend\routes\uploadRoutes.js:67:5
error: ReferenceError: logger is not defined
    at Object.logger [as getAllContestants] (C:\Users\mzaka\Documents\TIM_SITE\monologue-backend\controllers\uploadControllers.js:82:9)
    at processTicksAndRejections (node:internal/process/task_queues:95:5)
    at C:\Users\mzaka\Documents\TIM_SITE\monologue-backend\routes\uploadRoutes.js:47:5
error: TypeError: Cannot read properties of undefined (reading 'express-validator#contexts')
    at C:\Users\mzaka\Documents\TIM_SITE\monologue-backend\node_modules\express-validator\src\validation-result.js:78:29
    at exports.getUserDashboard (C:\Users\mzaka\Documents\TIM_SITE\monologue-backend\controllers\dashboardControllers.js:5:18)
    at C:\Users\mzaka\Documents\TIM_SITE\monologue-backend\routes\dashboardRoutes.js:22:44
    at Layer.handle [as handle_request] (C:\Users\mzaka\Documents\TIM_SITE\monologue-backend\node_modules\express\lib\router\layer.js:95:5)
    at next (C:\Users\mzaka\Documents\TIM_SITE\monologue-backend\node_modules\express\lib\router\route.js:144:13)
    at authenticateFirebaseUser (C:\Users\mzaka\Documents\TIM_SITE\monologue-backend\middlewares\authenticateFirebaseUser.js:13:5)
    at process.processTicksAndRejections (node:internal/process/task_queues:95:5)
error: TypeError: Cannot read properties of undefined (reading 'express-validator#contexts')
    at C:\Users\mzaka\Documents\TIM_SITE\monologue-backend\node_modules\express-validator\src\validation-result.js:78:29
    at exports.getUserDashboard (C:\Users\mzaka\Documents\TIM_SITE\monologue-backend\controllers\dashboardControllers.js:5:18)
    at C:\Users\mzaka\Documents\TIM_SITE\monologue-backend\routes\dashboardRoutes.js:22:44
    at Layer.handle [as handle_request] (C:\Users\mzaka\Documents\TIM_SITE\monologue-backend\node_modules\express\lib\router\layer.js:95:5)
    at next (C:\Users\mzaka\Documents\TIM_SITE\monologue-backend\node_modules\express\lib\router\route.js:144:13)
    at authenticateFirebaseUser (C:\Users\mzaka\Documents\TIM_SITE\monologue-backend\middlewares\authenticateFirebaseUser.js:13:5)
error: TypeError: Cannot read properties of undefined (reading 'express-validator#contexts')
    at C:\Users\mzaka\Documents\TIM_SITE\monologue-backend\node_modules\express-validator\src\validation-result.js:78:29
    at exports.getUserDashboard (C:\Users\mzaka\Documents\TIM_SITE\monologue-backend\controllers\dashboardControllers.js:5:18)
    at C:\Users\mzaka\Documents\TIM_SITE\monologue-backend\routes\dashboardRoutes.js:22:44
    at Layer.handle [as handle_request] (C:\Users\mzaka\Documents\TIM_SITE\monologue-backend\node_modules\express\lib\router\layer.js:95:5)
    at next (C:\Users\mzaka\Documents\TIM_SITE\monologue-backend\node_modules\express\lib\router\route.js:144:13)
    at authenticateFirebaseUser (C:\Users\mzaka\Documents\TIM_SITE\monologue-backend\middlewares\authenticateFirebaseUser.js:13:5)
    at process.processTicksAndRejections (node:internal/process/task_queues:95:5)
error: TypeError: Cannot read properties of undefined (reading 'express-validator#contexts')
    at C:\Users\mzaka\Documents\TIM_SITE\monologue-backend\node_modules\express-validator\src\validation-result.js:78:29
    at exports.getUserDashboard (C:\Users\mzaka\Documents\TIM_SITE\monologue-backend\controllers\dashboardControllers.js:5:18)
    at C:\Users\mzaka\Documents\TIM_SITE\monologue-backend\routes\dashboardRoutes.js:22:44
    at Layer.handle [as handle_request] (C:\Users\mzaka\Documents\TIM_SITE\monologue-backend\node_modules\express\lib\router\layer.js:95:5)
    at next (C:\Users\mzaka\Documents\TIM_SITE\monologue-backend\node_modules\express\lib\router\route.js:144:13)
    at authenticateFirebaseUser (C:\Users\mzaka\Documents\TIM_SITE\monologue-backend\middlewares\authenticateFirebaseUser.js:13:5)
error: TypeError: Cannot read properties of undefined (reading 'express-validator#contexts')
    at C:\Users\mzaka\Documents\TIM_SITE\monologue-backend\node_modules\express-validator\src\validation-result.js:78:29
    at exports.getUserDashboard (C:\Users\mzaka\Documents\TIM_SITE\monologue-backend\controllers\dashboardControllers.js:5:18)
    at C:\Users\mzaka\Documents\TIM_SITE\monologue-backend\routes\dashboardRoutes.js:24:44
    at Layer.handle [as handle_request] (C:\Users\mzaka\Documents\TIM_SITE\monologue-backend\node_modules\express\lib\router\layer.js:95:5)
    at next (C:\Users\mzaka\Documents\TIM_SITE\monologue-backend\node_modules\express\lib\router\route.js:144:13)
    at authenticateFirebaseUser (C:\Users\mzaka\Documents\TIM_SITE\monologue-backend\middlewares\authenticateFirebaseUser.js:13:5)
    at process.processTicksAndRejections (node:internal/process/task_queues:95:5)
error: TypeError: Cannot read properties of undefined (reading 'express-validator#contexts')
    at C:\Users\mzaka\Documents\TIM_SITE\monologue-backend\node_modules\express-validator\src\validation-result.js:78:29
    at exports.getUserDashboard (C:\Users\mzaka\Documents\TIM_SITE\monologue-backend\controllers\dashboardControllers.js:5:18)
    at C:\Users\mzaka\Documents\TIM_SITE\monologue-backend\routes\dashboardRoutes.js:24:44
    at Layer.handle [as handle_request] (C:\Users\mzaka\Documents\TIM_SITE\monologue-backend\node_modules\express\lib\router\layer.js:95:5)
    at next (C:\Users\mzaka\Documents\TIM_SITE\monologue-backend\node_modules\express\lib\router\route.js:144:13)
    at authenticateFirebaseUser (C:\Users\mzaka\Documents\TIM_SITE\monologue-backend\middlewares\authenticateFirebaseUser.js:13:5)
error: TypeError: Converting circular structure to JSON
    --> starting at object with constructor 'Socket'
    |     property '_writableState' -> object with constructor 'WritableState'
    |     property 'afterWriteTickInfo' -> object with constructor 'Object'
    --- property 'stream' closes the circle
    at JSON.stringify (<anonymous>)
    at stringify (C:\Users\mzaka\Documents\TIM_SITE\monologue-backend\node_modules\express\lib\response.js:1150:12)
    at ServerResponse.json (C:\Users\mzaka\Documents\TIM_SITE\monologue-backend\node_modules\express\lib\response.js:271:14)
    at C:\Users\mzaka\Documents\TIM_SITE\monologue-backend\routes\dashboardRoutes.js:24:9
    at process.processTicksAndRejections (node:internal/process/task_queues:95:5)
error: TypeError: Converting circular structure to JSON
    --> starting at object with constructor 'Socket'
    |     property '_writableState' -> object with constructor 'WritableState'
    |     property 'afterWriteTickInfo' -> object with constructor 'Object'
    --- property 'stream' closes the circle
    at JSON.stringify (<anonymous>)
    at stringify (C:\Users\mzaka\Documents\TIM_SITE\monologue-backend\node_modules\express\lib\response.js:1150:12)
    at ServerResponse.json (C:\Users\mzaka\Documents\TIM_SITE\monologue-backend\node_modules\express\lib\response.js:271:14)
    at C:\Users\mzaka\Documents\TIM_SITE\monologue-backend\routes\dashboardRoutes.js:24:9
    at process.processTicksAndRejections (node:internal/process/task_queues:95:5)
error: TypeError: Converting circular structure to JSON
    --> starting at object with constructor 'Socket'
    |     property '_writableState' -> object with constructor 'WritableState'
    |     property 'afterWriteTickInfo' -> object with constructor 'Object'
    --- property 'stream' closes the circle
    at JSON.stringify (<anonymous>)
    at stringify (C:\Users\mzaka\Documents\TIM_SITE\monologue-backend\node_modules\express\lib\response.js:1150:12)
    at ServerResponse.json (C:\Users\mzaka\Documents\TIM_SITE\monologue-backend\node_modules\express\lib\response.js:271:14)
    at C:\Users\mzaka\Documents\TIM_SITE\monologue-backend\routes\dashboardRoutes.js:24:9
    at process.processTicksAndRejections (node:internal/process/task_queues:95:5)
error: TypeError: Converting circular structure to JSON
    --> starting at object with constructor 'Socket'
    |     property '_writableState' -> object with constructor 'WritableState'
    |     property 'afterWriteTickInfo' -> object with constructor 'Object'
    --- property 'stream' closes the circle
    at JSON.stringify (<anonymous>)
    at stringify (C:\Users\mzaka\Documents\TIM_SITE\monologue-backend\node_modules\express\lib\response.js:1150:12)
    at ServerResponse.json (C:\Users\mzaka\Documents\TIM_SITE\monologue-backend\node_modules\express\lib\response.js:271:14)
    at C:\Users\mzaka\Documents\TIM_SITE\monologue-backend\routes\dashboardRoutes.js:24:9
    at process.processTicksAndRejections (node:internal/process/task_queues:95:5)
error: TypeError: Converting circular structure to JSON
    --> starting at object with constructor 'Socket'
    |     property '_writableState' -> object with constructor 'WritableState'
    |     property 'afterWriteTickInfo' -> object with constructor 'Object'
    --- property 'stream' closes the circle
    at JSON.stringify (<anonymous>)
    at stringify (C:\Users\mzaka\Documents\TIM_SITE\monologue-backend\node_modules\express\lib\response.js:1150:12)
    at ServerResponse.json (C:\Users\mzaka\Documents\TIM_SITE\monologue-backend\node_modules\express\lib\response.js:271:14)
    at C:\Users\mzaka\Documents\TIM_SITE\monologue-backend\routes\dashboardRoutes.js:23:9
    at process.processTicksAndRejections (node:internal/process/task_queues:95:5)
error: TypeError: Converting circular structure to JSON
    --> starting at object with constructor 'Socket'
    |     property '_writableState' -> object with constructor 'WritableState'
    |     property 'afterWriteTickInfo' -> object with constructor 'Object'
    --- property 'stream' closes the circle
    at JSON.stringify (<anonymous>)
    at stringify (C:\Users\mzaka\Documents\TIM_SITE\monologue-backend\node_modules\express\lib\response.js:1150:12)
    at ServerResponse.json (C:\Users\mzaka\Documents\TIM_SITE\monologue-backend\node_modules\express\lib\response.js:271:14)
    at C:\Users\mzaka\Documents\TIM_SITE\monologue-backend\routes\dashboardRoutes.js:23:9
    at process.processTicksAndRejections (node:internal/process/task_queues:95:5)
error: TypeError: Converting circular structure to JSON
    --> starting at object with constructor 'Socket'
    |     property '_writableState' -> object with constructor 'WritableState'
    |     property 'afterWriteTickInfo' -> object with constructor 'Object'
    --- property 'stream' closes the circle
    at JSON.stringify (<anonymous>)
    at stringify (C:\Users\mzaka\Documents\TIM_SITE\monologue-backend\node_modules\express\lib\response.js:1150:12)
    at ServerResponse.json (C:\Users\mzaka\Documents\TIM_SITE\monologue-backend\node_modules\express\lib\response.js:271:14)
    at C:\Users\mzaka\Documents\TIM_SITE\monologue-backend\routes\dashboardRoutes.js:23:9
    at process.processTicksAndRejections (node:internal/process/task_queues:95:5)
error: TypeError: Converting circular structure to JSON
    --> starting at object with constructor 'Socket'
    |     property '_writableState' -> object with constructor 'WritableState'
    |     property 'afterWriteTickInfo' -> object with constructor 'Object'
    --- property 'stream' closes the circle
    at JSON.stringify (<anonymous>)
    at stringify (C:\Users\mzaka\Documents\TIM_SITE\monologue-backend\node_modules\express\lib\response.js:1150:12)
    at ServerResponse.json (C:\Users\mzaka\Documents\TIM_SITE\monologue-backend\node_modules\express\lib\response.js:271:14)
    at C:\Users\mzaka\Documents\TIM_SITE\monologue-backend\routes\dashboardRoutes.js:23:9
    at process.processTicksAndRejections (node:internal/process/task_queues:95:5)
error: TypeError: Converting circular structure to JSON
    --> starting at object with constructor 'Socket'
    |     property '_writableState' -> object with constructor 'WritableState'
    |     property 'afterWriteTickInfo' -> object with constructor 'Object'
    --- property 'stream' closes the circle
    at JSON.stringify (<anonymous>)
    at stringify (C:\Users\mzaka\Documents\TIM_SITE\monologue-backend\node_modules\express\lib\response.js:1150:12)
    at ServerResponse.json (C:\Users\mzaka\Documents\TIM_SITE\monologue-backend\node_modules\express\lib\response.js:271:14)
    at C:\Users\mzaka\Documents\TIM_SITE\monologue-backend\routes\dashboardRoutes.js:23:9
    at process.processTicksAndRejections (node:internal/process/task_queues:95:5)
error: TypeError: Converting circular structure to JSON
    --> starting at object with constructor 'Socket'
    |     property '_writableState' -> object with constructor 'WritableState'
    |     property 'afterWriteTickInfo' -> object with constructor 'Object'
    --- property 'stream' closes the circle
    at JSON.stringify (<anonymous>)
    at stringify (C:\Users\mzaka\Documents\TIM_SITE\monologue-backend\node_modules\express\lib\response.js:1150:12)
    at ServerResponse.json (C:\Users\mzaka\Documents\TIM_SITE\monologue-backend\node_modules\express\lib\response.js:271:14)
    at C:\Users\mzaka\Documents\TIM_SITE\monologue-backend\routes\dashboardRoutes.js:23:9
    at process.processTicksAndRejections (node:internal/process/task_queues:95:5)
error: Converting circular structure to JSON
    --> starting at object with constructor 'Socket'
    |     property '_writableState' -> object with constructor 'WritableState'
    |     property 'afterWriteTickInfo' -> object with constructor 'Object'
    --- property 'stream' closes the circle {"headers":{"access-control-allow-credentials":"true","access-control-allow-origin":"http://localhost:3000","content-length":"26","content-type":"application/json; charset=utf-8","etag":"W/\"1a-hq/hT0ORGTkTfyRpVCZ/JB/r8Eg\"","vary":"Origin","x-powered-by":"Express"},"stack":"TypeError: Converting circular structure to JSON\n    --> starting at object with constructor 'Socket'\n    |     property '_writableState' -> object with constructor 'WritableState'\n    |     property 'afterWriteTickInfo' -> object with constructor 'Object'\n    --- property 'stream' closes the circle\n    at JSON.stringify (<anonymous>)\n    at stringify (C:\\Users\\mzaka\\Documents\\TIM_SITE\\monologue-backend\\node_modules\\express\\lib\\response.js:1150:12)\n    at ServerResponse.json (C:\\Users\\mzaka\\Documents\\TIM_SITE\\monologue-backend\\node_modules\\express\\lib\\response.js:271:14)\n    at C:\\Users\\mzaka\\Documents\\TIM_SITE\\monologue-backend\\routes\\dashboardRoutes.js:23:9\n    at process.processTicksAndRejections (node:internal/process/task_queues:95:5)","status":404}
error: Converting circular structure to JSON
    --> starting at object with constructor 'Socket'
    |     property '_writableState' -> object with constructor 'WritableState'
    |     property 'afterWriteTickInfo' -> object with constructor 'Object'
    --- property 'stream' closes the circle {"headers":{"access-control-allow-credentials":"true","access-control-allow-origin":"http://localhost:3000","content-length":"26","content-type":"application/json; charset=utf-8","etag":"W/\"1a-hq/hT0ORGTkTfyRpVCZ/JB/r8Eg\"","vary":"Origin","x-powered-by":"Express"},"stack":"TypeError: Converting circular structure to JSON\n    --> starting at object with constructor 'Socket'\n    |     property '_writableState' -> object with constructor 'WritableState'\n    |     property 'afterWriteTickInfo' -> object with constructor 'Object'\n    --- property 'stream' closes the circle\n    at JSON.stringify (<anonymous>)\n    at stringify (C:\\Users\\mzaka\\Documents\\TIM_SITE\\monologue-backend\\node_modules\\express\\lib\\response.js:1150:12)\n    at ServerResponse.json (C:\\Users\\mzaka\\Documents\\TIM_SITE\\monologue-backend\\node_modules\\express\\lib\\response.js:271:14)\n    at C:\\Users\\mzaka\\Documents\\TIM_SITE\\monologue-backend\\routes\\dashboardRoutes.js:23:9\n    at process.processTicksAndRejections (node:internal/process/task_queues:95:5)","status":404}
error: Converting circular structure to JSON
    --> starting at object with constructor 'Socket'
    |     property '_writableState' -> object with constructor 'WritableState'
    |     property 'afterWriteTickInfo' -> object with constructor 'Object'
    --- property 'stream' closes the circle {"headers":{"access-control-allow-credentials":"true","access-control-allow-origin":"http://localhost:3000","content-length":"26"},"stack":"TypeError: Converting circular structure to JSON\n    --> starting at object with constructor 'Socket'\n    |     property '_writableState' -> object with constructor 'WritableState'\n    |     property 'afterWriteTickInfo' -> object with constructor 'Object'\n    --- property 'stream' closes the circle\n    at JSON.stringify (<anonymous>)\n    at stringify (C:\\Users\\mzaka\\Documents\\TIM_SITE\\monologue-backend\\node_modules\\express\\lib\\response.js:1150:12)\n    at ServerResponse.json (C:\\Users\\mzaka\\Documents\\TIM_SITE\\monologue-backend\\node_modules\\express\\lib\\response.js:271:14)\n    at C:\\Users\\mzaka\\Documents\\TIM_SITE\\monologue-backend\\routes\\dashboardRoutes.js:23:9\n    at process.processTicksAndRejections (node:internal/process/task_queues:95:5)","status":404}
error: Converting circular structure to JSON
    --> starting at object with constructor 'Socket'
    |     property '_writableState' -> object with constructor 'WritableState'
    |     property 'afterWriteTickInfo' -> object with constructor 'Object'
    --- property 'stream' closes the circle {"headers":{"access-control-allow-credentials":"true","access-control-allow-origin":"http://localhost:3000","content-length":"26"},"stack":"TypeError: Converting circular structure to JSON\n    --> starting at object with constructor 'Socket'\n    |     property '_writableState' -> object with constructor 'WritableState'\n    |     property 'afterWriteTickInfo' -> object with constructor 'Object'\n    --- property 'stream' closes the circle\n    at JSON.stringify (<anonymous>)\n    at stringify (C:\\Users\\mzaka\\Documents\\TIM_SITE\\monologue-backend\\node_modules\\express\\lib\\response.js:1150:12)\n    at ServerResponse.json (C:\\Users\\mzaka\\Documents\\TIM_SITE\\monologue-backend\\node_modules\\express\\lib\\response.js:271:14)\n    at C:\\Users\\mzaka\\Documents\\TIM_SITE\\monologue-backend\\routes\\dashboardRoutes.js:23:9\n    at process.processTicksAndRejections (node:internal/process/task_queues:95:5)","status":404}
error: Converting circular structure to JSON
    --> starting at object with constructor 'Socket'
    |     property '_writableState' -> object with constructor 'WritableState'
    |     property 'afterWriteTickInfo' -> object with constructor 'Object'
    --- property 'stream' closes the circle {"headers":{"access-control-allow-credentials":"true","access-control-allow-origin":"http://localhost:3000","content-length":"26"},"stack":"TypeError: Converting circular structure to JSON\n    --> starting at object with constructor 'Socket'\n    |     property '_writableState' -> object with constructor 'WritableState'\n    |     property 'afterWriteTickInfo' -> object with constructor 'Object'\n    --- property 'stream' closes the circle\n    at JSON.stringify (<anonymous>)\n    at stringify (C:\\Users\\mzaka\\Documents\\TIM_SITE\\monologue-backend\\node_modules\\express\\lib\\response.js:1150:12)\n    at ServerResponse.json (C:\\Users\\mzaka\\Documents\\TIM_SITE\\monologue-backend\\node_modules\\express\\lib\\response.js:271:14)\n    at C:\\Users\\mzaka\\Documents\\TIM_SITE\\monologue-backend\\routes\\dashboardRoutes.js:23:9\n    at process.processTicksAndRejections (node:internal/process/task_queues:95:5)","status":404}
error: Converting circular structure to JSON
    --> starting at object with constructor 'Socket'
    |     property '_writableState' -> object with constructor 'WritableState'
    |     property 'afterWriteTickInfo' -> object with constructor 'Object'
    --- property 'stream' closes the circle {"headers":{"access-control-allow-credentials":"true","access-control-allow-origin":"http://localhost:3000","content-length":"26"},"stack":"TypeError: Converting circular structure to JSON\n    --> starting at object with constructor 'Socket'\n    |     property '_writableState' -> object with constructor 'WritableState'\n    |     property 'afterWriteTickInfo' -> object with constructor 'Object'\n    --- property 'stream' closes the circle\n    at JSON.stringify (<anonymous>)\n    at stringify (C:\\Users\\mzaka\\Documents\\TIM_SITE\\monologue-backend\\node_modules\\express\\lib\\response.js:1150:12)\n    at ServerResponse.json (C:\\Users\\mzaka\\Documents\\TIM_SITE\\monologue-backend\\node_modules\\express\\lib\\response.js:271:14)\n    at C:\\Users\\mzaka\\Documents\\TIM_SITE\\monologue-backend\\routes\\dashboardRoutes.js:23:9\n    at process.processTicksAndRejections (node:internal/process/task_queues:95:5)","status":404}
error: TypeError: Converting circular structure to JSON
    --> starting at object with constructor 'Socket'
    |     property '_writableState' -> object with constructor 'WritableState'
    |     property 'afterWriteTickInfo' -> object with constructor 'Object'
    --- property 'stream' closes the circle
    at JSON.stringify (<anonymous>)
    at stringify (C:\Users\mzaka\Documents\TIM_SITE\monologue-backend\node_modules\express\lib\response.js:1150:12)
    at ServerResponse.json (C:\Users\mzaka\Documents\TIM_SITE\monologue-backend\node_modules\express\lib\response.js:271:14)
    at C:\Users\mzaka\Documents\TIM_SITE\monologue-backend\routes\dashboardRoutes.js:23:9
    at process.processTicksAndRejections (node:internal/process/task_queues:95:5)
error: TypeError: Converting circular structure to JSON
    --> starting at object with constructor 'Socket'
    |     property '_writableState' -> object with constructor 'WritableState'
    |     property 'afterWriteTickInfo' -> object with constructor 'Object'
    --- property 'stream' closes the circle
    at JSON.stringify (<anonymous>)
    at stringify (C:\Users\mzaka\Documents\TIM_SITE\monologue-backend\node_modules\express\lib\response.js:1150:12)
    at ServerResponse.json (C:\Users\mzaka\Documents\TIM_SITE\monologue-backend\node_modules\express\lib\response.js:271:14)
    at C:\Users\mzaka\Documents\TIM_SITE\monologue-backend\routes\dashboardRoutes.js:23:9
    at process.processTicksAndRejections (node:internal/process/task_queues:95:5)
error: ReferenceError: errors is not defined
    at exports.getUserDashboard (C:\Users\mzaka\Documents\TIM_SITE\monologue-backend\controllers\dashboardControllers.js:8:3)
    at C:\Users\mzaka\Documents\TIM_SITE\monologue-backend\routes\dashboardRoutes.js:22:44
    at Layer.handle [as handle_request] (C:\Users\mzaka\Documents\TIM_SITE\monologue-backend\node_modules\express\lib\router\layer.js:95:5)
    at next (C:\Users\mzaka\Documents\TIM_SITE\monologue-backend\node_modules\express\lib\router\route.js:144:13)
    at authenticateFirebaseUser (C:\Users\mzaka\Documents\TIM_SITE\monologue-backend\middlewares\authenticateFirebaseUser.js:13:5)
    at process.processTicksAndRejections (node:internal/process/task_queues:95:5)
error: ReferenceError: errors is not defined
    at exports.getUserDashboard (C:\Users\mzaka\Documents\TIM_SITE\monologue-backend\controllers\dashboardControllers.js:8:3)
    at C:\Users\mzaka\Documents\TIM_SITE\monologue-backend\routes\dashboardRoutes.js:22:44
    at Layer.handle [as handle_request] (C:\Users\mzaka\Documents\TIM_SITE\monologue-backend\node_modules\express\lib\router\layer.js:95:5)
    at next (C:\Users\mzaka\Documents\TIM_SITE\monologue-backend\node_modules\express\lib\router\route.js:144:13)
    at authenticateFirebaseUser (C:\Users\mzaka\Documents\TIM_SITE\monologue-backend\middlewares\authenticateFirebaseUser.js:13:5)
error: TypeError: Converting circular structure to JSON
    --> starting at object with constructor 'Socket'
    |     property '_writableState' -> object with constructor 'WritableState'
    |     property 'afterWriteTickInfo' -> object with constructor 'Object'
    --- property 'stream' closes the circle
    at JSON.stringify (<anonymous>)
    at stringify (C:\Users\mzaka\Documents\TIM_SITE\monologue-backend\node_modules\express\lib\response.js:1150:12)
    at ServerResponse.json (C:\Users\mzaka\Documents\TIM_SITE\monologue-backend\node_modules\express\lib\response.js:271:14)
    at C:\Users\mzaka\Documents\TIM_SITE\monologue-backend\routes\dashboardRoutes.js:23:9
    at process.processTicksAndRejections (node:internal/process/task_queues:95:5)
error: TypeError: Converting circular structure to JSON
    --> starting at object with constructor 'Socket'
    |     property '_writableState' -> object with constructor 'WritableState'
    |     property 'afterWriteTickInfo' -> object with constructor 'Object'
    --- property 'stream' closes the circle
    at JSON.stringify (<anonymous>)
    at stringify (C:\Users\mzaka\Documents\TIM_SITE\monologue-backend\node_modules\express\lib\response.js:1150:12)
    at ServerResponse.json (C:\Users\mzaka\Documents\TIM_SITE\monologue-backend\node_modules\express\lib\response.js:271:14)
    at C:\Users\mzaka\Documents\TIM_SITE\monologue-backend\routes\dashboardRoutes.js:23:9
    at process.processTicksAndRejections (node:internal/process/task_queues:95:5)
error: ReferenceError: logger is not defined
    at exports.getUserById (C:\Users\mzaka\Documents\TIM_SITE\monologue-backend\controllers\usersFireBaseControllers.js:23:5)
    at process.processTicksAndRejections (node:internal/process/task_queues:95:5)
    at async C:\Users\mzaka\Documents\TIM_SITE\monologue-backend\routes\usersFirabaseRoutes.js:50:5
error: ReferenceError: logger is not defined
    at exports.getUserById (C:\Users\mzaka\Documents\TIM_SITE\monologue-backend\controllers\usersFireBaseControllers.js:23:5)
    at async C:\Users\mzaka\Documents\TIM_SITE\monologue-backend\routes\usersFirabaseRoutes.js:50:5
error: ReferenceError: transaction is not defined
    at Object.<anonymous>.exports.paidVotes (C:\Users\mzaka\Documents\TIM_SITE\monologue-backend\controllers\paymentVotesControllers.js:60:5)
    at processTicksAndRejections (node:internal/process/task_queues:95:5)
    at C:\Users\mzaka\Documents\TIM_SITE\monologue-backend\routes\paymentVotesRoutes.js:11:5
error: ReferenceError: transaction is not defined
    at Object.<anonymous>.exports.paidVotes (C:\Users\mzaka\Documents\TIM_SITE\monologue-backend\controllers\paymentVotesControllers.js:60:5)
    at processTicksAndRejections (node:internal/process/task_queues:95:5)
    at C:\Users\mzaka\Documents\TIM_SITE\monologue-backend\routes\paymentVotesRoutes.js:11:5
error: ReferenceError: transaction is not defined
    at Object.<anonymous>.exports.paidVotes (C:\Users\mzaka\Documents\TIM_SITE\monologue-backend\controllers\paymentVotesControllers.js:60:5)
    at processTicksAndRejections (node:internal/process/task_queues:95:5)
    at C:\Users\mzaka\Documents\TIM_SITE\monologue-backend\routes\paymentVotesRoutes.js:11:5
error: ReferenceError: logger is not defined
    at Object.logger [as paidVotes] (C:\Users\mzaka\Documents\TIM_SITE\monologue-backend\controllers\paymentVotesControllers.js:65:5)
    at processTicksAndRejections (node:internal/process/task_queues:95:5)
    at C:\Users\mzaka\Documents\TIM_SITE\monologue-backend\routes\paymentVotesRoutes.js:11:5
error: ReferenceError: logger is not defined
    at Object.logger [as paidVotes] (C:\Users\mzaka\Documents\TIM_SITE\monologue-backend\controllers\paymentVotesControllers.js:65:5)
    at processTicksAndRejections (node:internal/process/task_queues:95:5)
    at C:\Users\mzaka\Documents\TIM_SITE\monologue-backend\routes\paymentVotesRoutes.js:11:5
error: ReferenceError: logger is not defined
    at Object.logger [as paidVotes] (C:\Users\mzaka\Documents\TIM_SITE\monologue-backend\controllers\paymentVotesControllers.js:65:5)
    at processTicksAndRejections (node:internal/process/task_queues:95:5)
    at C:\Users\mzaka\Documents\TIM_SITE\monologue-backend\routes\paymentVotesRoutes.js:11:5
error: ReferenceError: logger is not defined
    at Object.logger [as paidVotes] (C:\Users\mzaka\Documents\TIM_SITE\monologue-backend\controllers\paymentVotesControllers.js:65:5)
    at processTicksAndRejections (node:internal/process/task_queues:95:5)
    at C:\Users\mzaka\Documents\TIM_SITE\monologue-backend\routes\paymentVotesRoutes.js:11:5
error: ReferenceError: userId is not defined
    at Object.userId [as paidVotes] (C:\Users\mzaka\Documents\TIM_SITE\monologue-backend\controllers\paymentVotesControllers.js:68:7)
    at processTicksAndRejections (node:internal/process/task_queues:95:5)
    at C:\Users\mzaka\Documents\TIM_SITE\monologue-backend\routes\paymentVotesRoutes.js:11:5
error: ReferenceError: userId is not defined
    at Object.userId [as paidVotes] (C:\Users\mzaka\Documents\TIM_SITE\monologue-backend\controllers\paymentVotesControllers.js:68:7)
    at processTicksAndRejections (node:internal/process/task_queues:95:5)
    at C:\Users\mzaka\Documents\TIM_SITE\monologue-backend\routes\paymentVotesRoutes.js:11:5
error: ReferenceError: userId is not defined
    at Object.userId [as paidVotes] (C:\Users\mzaka\Documents\TIM_SITE\monologue-backend\controllers\paymentVotesControllers.js:69:7)
    at processTicksAndRejections (node:internal/process/task_queues:95:5)
    at C:\Users\mzaka\Documents\TIM_SITE\monologue-backend\routes\paymentVotesRoutes.js:11:5
error: ReferenceError: logger is not defined
    at exports.updateContestant (C:\Users\mzaka\Documents\TIM_SITE\monologue-backend\controllers\uploadControllers.js:114:5)
    at process.processTicksAndRejections (node:internal/process/task_queues:95:5)
    at async C:\Users\mzaka\Documents\TIM_SITE\monologue-backend\routes\uploadRoutes.js:35:5
error: ReferenceError: logger is not defined
    at Object.logger [as deleteContestant] (C:\Users\mzaka\Documents\TIM_SITE\monologue-backend\controllers\uploadControllers.js:193:5)
    at processTicksAndRejections (node:internal/process/task_queues:95:5)
    at C:\Users\mzaka\Documents\TIM_SITE\monologue-backend\routes\uploadRoutes.js:62:5
error: ReferenceError: logger is not defined
    at Object.logger [as deleteContestant] (C:\Users\mzaka\Documents\TIM_SITE\monologue-backend\controllers\uploadControllers.js:193:5)
    at processTicksAndRejections (node:internal/process/task_queues:95:5)
    at C:\Users\mzaka\Documents\TIM_SITE\monologue-backend\routes\uploadRoutes.js:62:5
error: Error: Simulated Internal Server Error
    at Object.<anonymous> (C:\Users\mzaka\Documents\TIM_SITE\monologue-backend\middlewares\errorHandlingMiddleware.test.js:6:19)
    at Promise.then.completed (C:\Users\mzaka\Documents\TIM_SITE\monologue-backend\node_modules\jest-circus\build\utils.js:298:28)
    at new Promise (<anonymous>)
    at callAsyncCircusFn (C:\Users\mzaka\Documents\TIM_SITE\monologue-backend\node_modules\jest-circus\build\utils.js:231:10)
    at _callCircusTest (C:\Users\mzaka\Documents\TIM_SITE\monologue-backend\node_modules\jest-circus\build\run.js:316:40)
    at _runTest (C:\Users\mzaka\Documents\TIM_SITE\monologue-backend\node_modules\jest-circus\build\run.js:252:3)
    at _runTestsForDescribeBlock (C:\Users\mzaka\Documents\TIM_SITE\monologue-backend\node_modules\jest-circus\build\run.js:126:9)
    at _runTestsForDescribeBlock (C:\Users\mzaka\Documents\TIM_SITE\monologue-backend\node_modules\jest-circus\build\run.js:121:9)
    at run (C:\Users\mzaka\Documents\TIM_SITE\monologue-backend\node_modules\jest-circus\build\run.js:71:3)
    at runAndTransformResultsToJestFormat (C:\Users\mzaka\Documents\TIM_SITE\monologue-backend\node_modules\jest-circus\build\legacy-code-todo-rewrite\jestAdapterInit.js:122:21)
    at jestAdapter (C:\Users\mzaka\Documents\TIM_SITE\monologue-backend\node_modules\jest-circus\build\legacy-code-todo-rewrite\jestAdapter.js:79:19)
    at runTestInternal (C:\Users\mzaka\Documents\TIM_SITE\monologue-backend\node_modules\jest-runner\build\runTest.js:367:16)
    at runTest (C:\Users\mzaka\Documents\TIM_SITE\monologue-backend\node_modules\jest-runner\build\runTest.js:444:34)
error: Error: Simulated Internal Server Error
    at Object.<anonymous> (C:\Users\mzaka\Documents\TIM_SITE\monologue-backend\middlewares\errorHandlingMiddleware.test.js:6:19)
    at Promise.then.completed (C:\Users\mzaka\Documents\TIM_SITE\monologue-backend\node_modules\jest-circus\build\utils.js:298:28)
    at new Promise (<anonymous>)
    at callAsyncCircusFn (C:\Users\mzaka\Documents\TIM_SITE\monologue-backend\node_modules\jest-circus\build\utils.js:231:10)
    at _callCircusTest (C:\Users\mzaka\Documents\TIM_SITE\monologue-backend\node_modules\jest-circus\build\run.js:316:40)
    at _runTest (C:\Users\mzaka\Documents\TIM_SITE\monologue-backend\node_modules\jest-circus\build\run.js:252:3)
    at _runTestsForDescribeBlock (C:\Users\mzaka\Documents\TIM_SITE\monologue-backend\node_modules\jest-circus\build\run.js:126:9)
    at _runTestsForDescribeBlock (C:\Users\mzaka\Documents\TIM_SITE\monologue-backend\node_modules\jest-circus\build\run.js:121:9)
    at run (C:\Users\mzaka\Documents\TIM_SITE\monologue-backend\node_modules\jest-circus\build\run.js:71:3)
    at runAndTransformResultsToJestFormat (C:\Users\mzaka\Documents\TIM_SITE\monologue-backend\node_modules\jest-circus\build\legacy-code-todo-rewrite\jestAdapterInit.js:122:21)
    at jestAdapter (C:\Users\mzaka\Documents\TIM_SITE\monologue-backend\node_modules\jest-circus\build\legacy-code-todo-rewrite\jestAdapter.js:79:19)
    at runTestInternal (C:\Users\mzaka\Documents\TIM_SITE\monologue-backend\node_modules\jest-runner\build\runTest.js:367:16)
    at runTest (C:\Users\mzaka\Documents\TIM_SITE\monologue-backend\node_modules\jest-runner\build\runTest.js:444:34)
error: Error: Simulated Internal Server Error
    at Object.<anonymous> (C:\Users\mzaka\Documents\TIM_SITE\monologue-backend\middlewares\errorHandlingMiddleware.test.js:6:19)
    at Promise.then.completed (C:\Users\mzaka\Documents\TIM_SITE\monologue-backend\node_modules\jest-circus\build\utils.js:298:28)
    at new Promise (<anonymous>)
    at callAsyncCircusFn (C:\Users\mzaka\Documents\TIM_SITE\monologue-backend\node_modules\jest-circus\build\utils.js:231:10)
    at _callCircusTest (C:\Users\mzaka\Documents\TIM_SITE\monologue-backend\node_modules\jest-circus\build\run.js:316:40)
    at _runTest (C:\Users\mzaka\Documents\TIM_SITE\monologue-backend\node_modules\jest-circus\build\run.js:252:3)
    at _runTestsForDescribeBlock (C:\Users\mzaka\Documents\TIM_SITE\monologue-backend\node_modules\jest-circus\build\run.js:126:9)
    at _runTestsForDescribeBlock (C:\Users\mzaka\Documents\TIM_SITE\monologue-backend\node_modules\jest-circus\build\run.js:121:9)
    at run (C:\Users\mzaka\Documents\TIM_SITE\monologue-backend\node_modules\jest-circus\build\run.js:71:3)
    at runAndTransformResultsToJestFormat (C:\Users\mzaka\Documents\TIM_SITE\monologue-backend\node_modules\jest-circus\build\legacy-code-todo-rewrite\jestAdapterInit.js:122:21)
    at jestAdapter (C:\Users\mzaka\Documents\TIM_SITE\monologue-backend\node_modules\jest-circus\build\legacy-code-todo-rewrite\jestAdapter.js:79:19)
    at runTestInternal (C:\Users\mzaka\Documents\TIM_SITE\monologue-backend\node_modules\jest-runner\build\runTest.js:367:16)
    at runTest (C:\Users\mzaka\Documents\TIM_SITE\monologue-backend\node_modules\jest-runner\build\runTest.js:444:34)
error: Error: Simulated Internal Server Error
    at Object.<anonymous> (C:\Users\mzaka\Documents\TIM_SITE\monologue-backend\middlewares\errorHandlingMiddleware.test.js:6:19)
    at Promise.then.completed (C:\Users\mzaka\Documents\TIM_SITE\monologue-backend\node_modules\jest-circus\build\utils.js:298:28)
    at new Promise (<anonymous>)
    at callAsyncCircusFn (C:\Users\mzaka\Documents\TIM_SITE\monologue-backend\node_modules\jest-circus\build\utils.js:231:10)
    at _callCircusTest (C:\Users\mzaka\Documents\TIM_SITE\monologue-backend\node_modules\jest-circus\build\run.js:316:40)
    at _runTest (C:\Users\mzaka\Documents\TIM_SITE\monologue-backend\node_modules\jest-circus\build\run.js:252:3)
    at _runTestsForDescribeBlock (C:\Users\mzaka\Documents\TIM_SITE\monologue-backend\node_modules\jest-circus\build\run.js:126:9)
    at _runTestsForDescribeBlock (C:\Users\mzaka\Documents\TIM_SITE\monologue-backend\node_modules\jest-circus\build\run.js:121:9)
    at run (C:\Users\mzaka\Documents\TIM_SITE\monologue-backend\node_modules\jest-circus\build\run.js:71:3)
    at runAndTransformResultsToJestFormat (C:\Users\mzaka\Documents\TIM_SITE\monologue-backend\node_modules\jest-circus\build\legacy-code-todo-rewrite\jestAdapterInit.js:122:21)
    at jestAdapter (C:\Users\mzaka\Documents\TIM_SITE\monologue-backend\node_modules\jest-circus\build\legacy-code-todo-rewrite\jestAdapter.js:79:19)
    at runTestInternal (C:\Users\mzaka\Documents\TIM_SITE\monologue-backend\node_modules\jest-runner\build\runTest.js:367:16)
    at runTest (C:\Users\mzaka\Documents\TIM_SITE\monologue-backend\node_modules\jest-runner\build\runTest.js:444:34)
error: Error: Simulated Internal Server Error
    at Object.<anonymous> (C:\Users\mzaka\Documents\TIM_SITE\monologue-backend\middlewares\errorHandlingMiddleware.test.js:6:19)
    at Promise.then.completed (C:\Users\mzaka\Documents\TIM_SITE\monologue-backend\node_modules\jest-circus\build\utils.js:298:28)
    at new Promise (<anonymous>)
    at callAsyncCircusFn (C:\Users\mzaka\Documents\TIM_SITE\monologue-backend\node_modules\jest-circus\build\utils.js:231:10)
    at _callCircusTest (C:\Users\mzaka\Documents\TIM_SITE\monologue-backend\node_modules\jest-circus\build\run.js:316:40)
    at _runTest (C:\Users\mzaka\Documents\TIM_SITE\monologue-backend\node_modules\jest-circus\build\run.js:252:3)
    at _runTestsForDescribeBlock (C:\Users\mzaka\Documents\TIM_SITE\monologue-backend\node_modules\jest-circus\build\run.js:126:9)
    at _runTestsForDescribeBlock (C:\Users\mzaka\Documents\TIM_SITE\monologue-backend\node_modules\jest-circus\build\run.js:121:9)
    at run (C:\Users\mzaka\Documents\TIM_SITE\monologue-backend\node_modules\jest-circus\build\run.js:71:3)
    at runAndTransformResultsToJestFormat (C:\Users\mzaka\Documents\TIM_SITE\monologue-backend\node_modules\jest-circus\build\legacy-code-todo-rewrite\jestAdapterInit.js:122:21)
    at jestAdapter (C:\Users\mzaka\Documents\TIM_SITE\monologue-backend\node_modules\jest-circus\build\legacy-code-todo-rewrite\jestAdapter.js:79:19)
    at runTestInternal (C:\Users\mzaka\Documents\TIM_SITE\monologue-backend\node_modules\jest-runner\build\runTest.js:367:16)
    at runTest (C:\Users\mzaka\Documents\TIM_SITE\monologue-backend\node_modules\jest-runner\build\runTest.js:444:34)
error: Error: Simulated Internal Server Error
    at Object.<anonymous> (C:\Users\mzaka\Documents\TIM_SITE\monologue-backend\middlewares\errorHandlingMiddleware.test.js:6:19)
    at Promise.then.completed (C:\Users\mzaka\Documents\TIM_SITE\monologue-backend\node_modules\jest-circus\build\utils.js:298:28)
    at new Promise (<anonymous>)
    at callAsyncCircusFn (C:\Users\mzaka\Documents\TIM_SITE\monologue-backend\node_modules\jest-circus\build\utils.js:231:10)
    at _callCircusTest (C:\Users\mzaka\Documents\TIM_SITE\monologue-backend\node_modules\jest-circus\build\run.js:316:40)
    at _runTest (C:\Users\mzaka\Documents\TIM_SITE\monologue-backend\node_modules\jest-circus\build\run.js:252:3)
    at _runTestsForDescribeBlock (C:\Users\mzaka\Documents\TIM_SITE\monologue-backend\node_modules\jest-circus\build\run.js:126:9)
    at _runTestsForDescribeBlock (C:\Users\mzaka\Documents\TIM_SITE\monologue-backend\node_modules\jest-circus\build\run.js:121:9)
    at run (C:\Users\mzaka\Documents\TIM_SITE\monologue-backend\node_modules\jest-circus\build\run.js:71:3)
    at runAndTransformResultsToJestFormat (C:\Users\mzaka\Documents\TIM_SITE\monologue-backend\node_modules\jest-circus\build\legacy-code-todo-rewrite\jestAdapterInit.js:122:21)
    at jestAdapter (C:\Users\mzaka\Documents\TIM_SITE\monologue-backend\node_modules\jest-circus\build\legacy-code-todo-rewrite\jestAdapter.js:79:19)
    at runTestInternal (C:\Users\mzaka\Documents\TIM_SITE\monologue-backend\node_modules\jest-runner\build\runTest.js:367:16)
    at runTest (C:\Users\mzaka\Documents\TIM_SITE\monologue-backend\node_modules\jest-runner\build\runTest.js:444:34)
error: Error: Simulated Internal Server Error
    at Object.<anonymous> (C:\Users\mzaka\Documents\TIM_SITE\monologue-backend\middlewares\errorHandlingMiddleware.test.js:6:19)
    at Promise.then.completed (C:\Users\mzaka\Documents\TIM_SITE\monologue-backend\node_modules\jest-circus\build\utils.js:298:28)
    at new Promise (<anonymous>)
    at callAsyncCircusFn (C:\Users\mzaka\Documents\TIM_SITE\monologue-backend\node_modules\jest-circus\build\utils.js:231:10)
    at _callCircusTest (C:\Users\mzaka\Documents\TIM_SITE\monologue-backend\node_modules\jest-circus\build\run.js:316:40)
    at _runTest (C:\Users\mzaka\Documents\TIM_SITE\monologue-backend\node_modules\jest-circus\build\run.js:252:3)
    at _runTestsForDescribeBlock (C:\Users\mzaka\Documents\TIM_SITE\monologue-backend\node_modules\jest-circus\build\run.js:126:9)
    at _runTestsForDescribeBlock (C:\Users\mzaka\Documents\TIM_SITE\monologue-backend\node_modules\jest-circus\build\run.js:121:9)
    at run (C:\Users\mzaka\Documents\TIM_SITE\monologue-backend\node_modules\jest-circus\build\run.js:71:3)
    at runAndTransformResultsToJestFormat (C:\Users\mzaka\Documents\TIM_SITE\monologue-backend\node_modules\jest-circus\build\legacy-code-todo-rewrite\jestAdapterInit.js:122:21)
    at jestAdapter (C:\Users\mzaka\Documents\TIM_SITE\monologue-backend\node_modules\jest-circus\build\legacy-code-todo-rewrite\jestAdapter.js:79:19)
    at runTestInternal (C:\Users\mzaka\Documents\TIM_SITE\monologue-backend\node_modules\jest-runner\build\runTest.js:367:16)
    at runTest (C:\Users\mzaka\Documents\TIM_SITE\monologue-backend\node_modules\jest-runner\build\runTest.js:444:34)
error: Error: Simulated Internal Server Error
    at Object.<anonymous> (C:\Users\mzaka\Documents\TIM_SITE\monologue-backend\middlewares\errorHandlingMiddleware.test.js:6:19)
    at Promise.then.completed (C:\Users\mzaka\Documents\TIM_SITE\monologue-backend\node_modules\jest-circus\build\utils.js:298:28)
    at new Promise (<anonymous>)
    at callAsyncCircusFn (C:\Users\mzaka\Documents\TIM_SITE\monologue-backend\node_modules\jest-circus\build\utils.js:231:10)
    at _callCircusTest (C:\Users\mzaka\Documents\TIM_SITE\monologue-backend\node_modules\jest-circus\build\run.js:316:40)
    at _runTest (C:\Users\mzaka\Documents\TIM_SITE\monologue-backend\node_modules\jest-circus\build\run.js:252:3)
    at _runTestsForDescribeBlock (C:\Users\mzaka\Documents\TIM_SITE\monologue-backend\node_modules\jest-circus\build\run.js:126:9)
    at _runTestsForDescribeBlock (C:\Users\mzaka\Documents\TIM_SITE\monologue-backend\node_modules\jest-circus\build\run.js:121:9)
    at run (C:\Users\mzaka\Documents\TIM_SITE\monologue-backend\node_modules\jest-circus\build\run.js:71:3)
    at runAndTransformResultsToJestFormat (C:\Users\mzaka\Documents\TIM_SITE\monologue-backend\node_modules\jest-circus\build\legacy-code-todo-rewrite\jestAdapterInit.js:122:21)
    at jestAdapter (C:\Users\mzaka\Documents\TIM_SITE\monologue-backend\node_modules\jest-circus\build\legacy-code-todo-rewrite\jestAdapter.js:79:19)
    at runTestInternal (C:\Users\mzaka\Documents\TIM_SITE\monologue-backend\node_modules\jest-runner\build\runTest.js:367:16)
    at runTest (C:\Users\mzaka\Documents\TIM_SITE\monologue-backend\node_modules\jest-runner\build\runTest.js:444:34)
error: Error: Simulated Internal Server Error
    at Object.<anonymous> (C:\Users\mzaka\Documents\TIM_SITE\monologue-backend\middlewares\errorHandlingMiddleware.test.js:6:19)
    at Promise.then.completed (C:\Users\mzaka\Documents\TIM_SITE\monologue-backend\node_modules\jest-circus\build\utils.js:298:28)
    at new Promise (<anonymous>)
    at callAsyncCircusFn (C:\Users\mzaka\Documents\TIM_SITE\monologue-backend\node_modules\jest-circus\build\utils.js:231:10)
    at _callCircusTest (C:\Users\mzaka\Documents\TIM_SITE\monologue-backend\node_modules\jest-circus\build\run.js:316:40)
    at _runTest (C:\Users\mzaka\Documents\TIM_SITE\monologue-backend\node_modules\jest-circus\build\run.js:252:3)
    at _runTestsForDescribeBlock (C:\Users\mzaka\Documents\TIM_SITE\monologue-backend\node_modules\jest-circus\build\run.js:126:9)
    at _runTestsForDescribeBlock (C:\Users\mzaka\Documents\TIM_SITE\monologue-backend\node_modules\jest-circus\build\run.js:121:9)
    at run (C:\Users\mzaka\Documents\TIM_SITE\monologue-backend\node_modules\jest-circus\build\run.js:71:3)
    at runAndTransformResultsToJestFormat (C:\Users\mzaka\Documents\TIM_SITE\monologue-backend\node_modules\jest-circus\build\legacy-code-todo-rewrite\jestAdapterInit.js:122:21)
    at jestAdapter (C:\Users\mzaka\Documents\TIM_SITE\monologue-backend\node_modules\jest-circus\build\legacy-code-todo-rewrite\jestAdapter.js:79:19)
    at runTestInternal (C:\Users\mzaka\Documents\TIM_SITE\monologue-backend\node_modules\jest-runner\build\runTest.js:367:16)
    at runTest (C:\Users\mzaka\Documents\TIM_SITE\monologue-backend\node_modules\jest-runner\build\runTest.js:444:34)
error: Error: Simulated Internal Server Error
    at Object.<anonymous> (C:\Users\mzaka\Documents\TIM_SITE\monologue-backend\middlewares\errorHandlingMiddleware.test.js:6:19)
    at Promise.then.completed (C:\Users\mzaka\Documents\TIM_SITE\monologue-backend\node_modules\jest-circus\build\utils.js:298:28)
    at new Promise (<anonymous>)
    at callAsyncCircusFn (C:\Users\mzaka\Documents\TIM_SITE\monologue-backend\node_modules\jest-circus\build\utils.js:231:10)
    at _callCircusTest (C:\Users\mzaka\Documents\TIM_SITE\monologue-backend\node_modules\jest-circus\build\run.js:316:40)
    at _runTest (C:\Users\mzaka\Documents\TIM_SITE\monologue-backend\node_modules\jest-circus\build\run.js:252:3)
    at _runTestsForDescribeBlock (C:\Users\mzaka\Documents\TIM_SITE\monologue-backend\node_modules\jest-circus\build\run.js:126:9)
    at _runTestsForDescribeBlock (C:\Users\mzaka\Documents\TIM_SITE\monologue-backend\node_modules\jest-circus\build\run.js:121:9)
    at run (C:\Users\mzaka\Documents\TIM_SITE\monologue-backend\node_modules\jest-circus\build\run.js:71:3)
    at runAndTransformResultsToJestFormat (C:\Users\mzaka\Documents\TIM_SITE\monologue-backend\node_modules\jest-circus\build\legacy-code-todo-rewrite\jestAdapterInit.js:122:21)
    at jestAdapter (C:\Users\mzaka\Documents\TIM_SITE\monologue-backend\node_modules\jest-circus\build\legacy-code-todo-rewrite\jestAdapter.js:79:19)
    at runTestInternal (C:\Users\mzaka\Documents\TIM_SITE\monologue-backend\node_modules\jest-runner\build\runTest.js:367:16)
    at runTest (C:\Users\mzaka\Documents\TIM_SITE\monologue-backend\node_modules\jest-runner\build\runTest.js:444:34)
error: Error: Simulated Internal Server Error
    at Object.<anonymous> (C:\Users\mzaka\Documents\TIM_SITE\monologue-backend\middlewares\errorHandlingMiddleware.test.js:6:19)
    at Promise.then.completed (C:\Users\mzaka\Documents\TIM_SITE\monologue-backend\node_modules\jest-circus\build\utils.js:298:28)
    at new Promise (<anonymous>)
    at callAsyncCircusFn (C:\Users\mzaka\Documents\TIM_SITE\monologue-backend\node_modules\jest-circus\build\utils.js:231:10)
    at _callCircusTest (C:\Users\mzaka\Documents\TIM_SITE\monologue-backend\node_modules\jest-circus\build\run.js:316:40)
    at _runTest (C:\Users\mzaka\Documents\TIM_SITE\monologue-backend\node_modules\jest-circus\build\run.js:252:3)
    at _runTestsForDescribeBlock (C:\Users\mzaka\Documents\TIM_SITE\monologue-backend\node_modules\jest-circus\build\run.js:126:9)
    at _runTestsForDescribeBlock (C:\Users\mzaka\Documents\TIM_SITE\monologue-backend\node_modules\jest-circus\build\run.js:121:9)
    at run (C:\Users\mzaka\Documents\TIM_SITE\monologue-backend\node_modules\jest-circus\build\run.js:71:3)
    at runAndTransformResultsToJestFormat (C:\Users\mzaka\Documents\TIM_SITE\monologue-backend\node_modules\jest-circus\build\legacy-code-todo-rewrite\jestAdapterInit.js:122:21)
    at jestAdapter (C:\Users\mzaka\Documents\TIM_SITE\monologue-backend\node_modules\jest-circus\build\legacy-code-todo-rewrite\jestAdapter.js:79:19)
    at runTestInternal (C:\Users\mzaka\Documents\TIM_SITE\monologue-backend\node_modules\jest-runner\build\runTest.js:367:16)
    at runTest (C:\Users\mzaka\Documents\TIM_SITE\monologue-backend\node_modules\jest-runner\build\runTest.js:444:34)
error: Error: Simulated Internal Server Error
    at Object.<anonymous> (C:\Users\mzaka\Documents\TIM_SITE\monologue-backend\middlewares\errorHandlingMiddleware.test.js:6:19)
    at Promise.then.completed (C:\Users\mzaka\Documents\TIM_SITE\monologue-backend\node_modules\jest-circus\build\utils.js:298:28)
    at new Promise (<anonymous>)
    at callAsyncCircusFn (C:\Users\mzaka\Documents\TIM_SITE\monologue-backend\node_modules\jest-circus\build\utils.js:231:10)
    at _callCircusTest (C:\Users\mzaka\Documents\TIM_SITE\monologue-backend\node_modules\jest-circus\build\run.js:316:40)
    at _runTest (C:\Users\mzaka\Documents\TIM_SITE\monologue-backend\node_modules\jest-circus\build\run.js:252:3)
    at _runTestsForDescribeBlock (C:\Users\mzaka\Documents\TIM_SITE\monologue-backend\node_modules\jest-circus\build\run.js:126:9)
    at _runTestsForDescribeBlock (C:\Users\mzaka\Documents\TIM_SITE\monologue-backend\node_modules\jest-circus\build\run.js:121:9)
    at run (C:\Users\mzaka\Documents\TIM_SITE\monologue-backend\node_modules\jest-circus\build\run.js:71:3)
    at runAndTransformResultsToJestFormat (C:\Users\mzaka\Documents\TIM_SITE\monologue-backend\node_modules\jest-circus\build\legacy-code-todo-rewrite\jestAdapterInit.js:122:21)
    at jestAdapter (C:\Users\mzaka\Documents\TIM_SITE\monologue-backend\node_modules\jest-circus\build\legacy-code-todo-rewrite\jestAdapter.js:79:19)
    at runTestInternal (C:\Users\mzaka\Documents\TIM_SITE\monologue-backend\node_modules\jest-runner\build\runTest.js:367:16)
    at runTest (C:\Users\mzaka\Documents\TIM_SITE\monologue-backend\node_modules\jest-runner\build\runTest.js:444:34)
error: Error: Simulated Internal Server Error
    at C:\Users\mzaka\Documents\TIM_SITE\monologue-backend\routes\uploadRoutes.js:21:11
    at Layer.handle [as handle_request] (C:\Users\mzaka\Documents\TIM_SITE\monologue-backend\node_modules\express\lib\router\layer.js:95:5)
    at next (C:\Users\mzaka\Documents\TIM_SITE\monologue-backend\node_modules\express\lib\router\route.js:144:13)
    at Route.dispatch (C:\Users\mzaka\Documents\TIM_SITE\monologue-backend\node_modules\express\lib\router\route.js:114:3)
    at Layer.handle [as handle_request] (C:\Users\mzaka\Documents\TIM_SITE\monologue-backend\node_modules\express\lib\router\layer.js:95:5)
    at C:\Users\mzaka\Documents\TIM_SITE\monologue-backend\node_modules\express\lib\router\index.js:284:15
    at Function.process_params (C:\Users\mzaka\Documents\TIM_SITE\monologue-backend\node_modules\express\lib\router\index.js:346:12)
    at next (C:\Users\mzaka\Documents\TIM_SITE\monologue-backend\node_modules\express\lib\router\index.js:280:10)
    at Function.handle (C:\Users\mzaka\Documents\TIM_SITE\monologue-backend\node_modules\express\lib\router\index.js:175:3)
    at router (C:\Users\mzaka\Documents\TIM_SITE\monologue-backend\node_modules\express\lib\router\index.js:47:12)
error: Error: Simulated Internal Server Error
    at C:\Users\mzaka\Documents\TIM_SITE\monologue-backend\routes\uploadRoutes.js:21:11
    at Layer.handle [as handle_request] (C:\Users\mzaka\Documents\TIM_SITE\monologue-backend\node_modules\express\lib\router\layer.js:95:5)
    at next (C:\Users\mzaka\Documents\TIM_SITE\monologue-backend\node_modules\express\lib\router\route.js:144:13)
    at Route.dispatch (C:\Users\mzaka\Documents\TIM_SITE\monologue-backend\node_modules\express\lib\router\route.js:114:3)
    at Layer.handle [as handle_request] (C:\Users\mzaka\Documents\TIM_SITE\monologue-backend\node_modules\express\lib\router\layer.js:95:5)
    at C:\Users\mzaka\Documents\TIM_SITE\monologue-backend\node_modules\express\lib\router\index.js:284:15
    at Function.process_params (C:\Users\mzaka\Documents\TIM_SITE\monologue-backend\node_modules\express\lib\router\index.js:346:12)
    at next (C:\Users\mzaka\Documents\TIM_SITE\monologue-backend\node_modules\express\lib\router\index.js:280:10)
    at Function.handle (C:\Users\mzaka\Documents\TIM_SITE\monologue-backend\node_modules\express\lib\router\index.js:175:3)
    at router (C:\Users\mzaka\Documents\TIM_SITE\monologue-backend\node_modules\express\lib\router\index.js:47:12)
error: ReferenceError: CustomError is not defined
    at C:\Users\mzaka\Documents\TIM_SITE\monologue-backend\routes\uploadRoutes.js:61:5
    at Layer.handle [as handle_request] (C:\Users\mzaka\Documents\TIM_SITE\monologue-backend\node_modules\express\lib\router\layer.js:95:5)
    at next (C:\Users\mzaka\Documents\TIM_SITE\monologue-backend\node_modules\express\lib\router\route.js:144:13)
    at Route.dispatch (C:\Users\mzaka\Documents\TIM_SITE\monologue-backend\node_modules\express\lib\router\route.js:114:3)
    at Layer.handle [as handle_request] (C:\Users\mzaka\Documents\TIM_SITE\monologue-backend\node_modules\express\lib\router\layer.js:95:5)
    at C:\Users\mzaka\Documents\TIM_SITE\monologue-backend\node_modules\express\lib\router\index.js:284:15
    at Function.process_params (C:\Users\mzaka\Documents\TIM_SITE\monologue-backend\node_modules\express\lib\router\index.js:346:12)
    at next (C:\Users\mzaka\Documents\TIM_SITE\monologue-backend\node_modules\express\lib\router\index.js:280:10)
    at Function.handle (C:\Users\mzaka\Documents\TIM_SITE\monologue-backend\node_modules\express\lib\router\index.js:175:3)
    at router (C:\Users\mzaka\Documents\TIM_SITE\monologue-backend\node_modules\express\lib\router\index.js:47:12)
error: ReferenceError: CustomError is not defined
    at C:\Users\mzaka\Documents\TIM_SITE\monologue-backend\routes\uploadRoutes.js:61:5
    at Layer.handle [as handle_request] (C:\Users\mzaka\Documents\TIM_SITE\monologue-backend\node_modules\express\lib\router\layer.js:95:5)
    at next (C:\Users\mzaka\Documents\TIM_SITE\monologue-backend\node_modules\express\lib\router\route.js:144:13)
    at Route.dispatch (C:\Users\mzaka\Documents\TIM_SITE\monologue-backend\node_modules\express\lib\router\route.js:114:3)
    at Layer.handle [as handle_request] (C:\Users\mzaka\Documents\TIM_SITE\monologue-backend\node_modules\express\lib\router\layer.js:95:5)
    at C:\Users\mzaka\Documents\TIM_SITE\monologue-backend\node_modules\express\lib\router\index.js:284:15
    at Function.process_params (C:\Users\mzaka\Documents\TIM_SITE\monologue-backend\node_modules\express\lib\router\index.js:346:12)
    at next (C:\Users\mzaka\Documents\TIM_SITE\monologue-backend\node_modules\express\lib\router\index.js:280:10)
    at Function.handle (C:\Users\mzaka\Documents\TIM_SITE\monologue-backend\node_modules\express\lib\router\index.js:175:3)
    at router (C:\Users\mzaka\Documents\TIM_SITE\monologue-backend\node_modules\express\lib\router\index.js:47:12)
error: Error: This is a custom error
    at C:\Users\mzaka\Documents\TIM_SITE\monologue-backend\routes\uploadRoutes.js:61:11
    at Layer.handle [as handle_request] (C:\Users\mzaka\Documents\TIM_SITE\monologue-backend\node_modules\express\lib\router\layer.js:95:5)
    at next (C:\Users\mzaka\Documents\TIM_SITE\monologue-backend\node_modules\express\lib\router\route.js:144:13)
    at Route.dispatch (C:\Users\mzaka\Documents\TIM_SITE\monologue-backend\node_modules\express\lib\router\route.js:114:3)
    at Layer.handle [as handle_request] (C:\Users\mzaka\Documents\TIM_SITE\monologue-backend\node_modules\express\lib\router\layer.js:95:5)
    at C:\Users\mzaka\Documents\TIM_SITE\monologue-backend\node_modules\express\lib\router\index.js:284:15
    at Function.process_params (C:\Users\mzaka\Documents\TIM_SITE\monologue-backend\node_modules\express\lib\router\index.js:346:12)
    at next (C:\Users\mzaka\Documents\TIM_SITE\monologue-backend\node_modules\express\lib\router\index.js:280:10)
    at Function.handle (C:\Users\mzaka\Documents\TIM_SITE\monologue-backend\node_modules\express\lib\router\index.js:175:3)
    at router (C:\Users\mzaka\Documents\TIM_SITE\monologue-backend\node_modules\express\lib\router\index.js:47:12)
error: Error: Simulated Internal Server Error
    at Object.<anonymous> (C:\Users\mzaka\Documents\TIM_SITE\monologue-backend\middlewares\errorHandlingMiddleware.test.js:6:19)
    at Promise.then.completed (C:\Users\mzaka\Documents\TIM_SITE\monologue-backend\node_modules\jest-circus\build\utils.js:298:28)
    at new Promise (<anonymous>)
    at callAsyncCircusFn (C:\Users\mzaka\Documents\TIM_SITE\monologue-backend\node_modules\jest-circus\build\utils.js:231:10)
    at _callCircusTest (C:\Users\mzaka\Documents\TIM_SITE\monologue-backend\node_modules\jest-circus\build\run.js:316:40)
    at _runTest (C:\Users\mzaka\Documents\TIM_SITE\monologue-backend\node_modules\jest-circus\build\run.js:252:3)
    at _runTestsForDescribeBlock (C:\Users\mzaka\Documents\TIM_SITE\monologue-backend\node_modules\jest-circus\build\run.js:126:9)
    at _runTestsForDescribeBlock (C:\Users\mzaka\Documents\TIM_SITE\monologue-backend\node_modules\jest-circus\build\run.js:121:9)
    at run (C:\Users\mzaka\Documents\TIM_SITE\monologue-backend\node_modules\jest-circus\build\run.js:71:3)
    at runAndTransformResultsToJestFormat (C:\Users\mzaka\Documents\TIM_SITE\monologue-backend\node_modules\jest-circus\build\legacy-code-todo-rewrite\jestAdapterInit.js:122:21)
    at jestAdapter (C:\Users\mzaka\Documents\TIM_SITE\monologue-backend\node_modules\jest-circus\build\legacy-code-todo-rewrite\jestAdapter.js:79:19)
    at runTestInternal (C:\Users\mzaka\Documents\TIM_SITE\monologue-backend\node_modules\jest-runner\build\runTest.js:367:16)
    at runTest (C:\Users\mzaka\Documents\TIM_SITE\monologue-backend\node_modules\jest-runner\build\runTest.js:444:34)
error: Error: Simulated Internal Server Error
    at Object.<anonymous> (C:\Users\mzaka\Documents\TIM_SITE\monologue-backend\middlewares\errorHandlingMiddleware.test.js:6:19)
    at Promise.then.completed (C:\Users\mzaka\Documents\TIM_SITE\monologue-backend\node_modules\jest-circus\build\utils.js:298:28)
    at new Promise (<anonymous>)
    at callAsyncCircusFn (C:\Users\mzaka\Documents\TIM_SITE\monologue-backend\node_modules\jest-circus\build\utils.js:231:10)
    at _callCircusTest (C:\Users\mzaka\Documents\TIM_SITE\monologue-backend\node_modules\jest-circus\build\run.js:316:40)
    at _runTest (C:\Users\mzaka\Documents\TIM_SITE\monologue-backend\node_modules\jest-circus\build\run.js:252:3)
    at _runTestsForDescribeBlock (C:\Users\mzaka\Documents\TIM_SITE\monologue-backend\node_modules\jest-circus\build\run.js:126:9)
    at _runTestsForDescribeBlock (C:\Users\mzaka\Documents\TIM_SITE\monologue-backend\node_modules\jest-circus\build\run.js:121:9)
    at run (C:\Users\mzaka\Documents\TIM_SITE\monologue-backend\node_modules\jest-circus\build\run.js:71:3)
    at runAndTransformResultsToJestFormat (C:\Users\mzaka\Documents\TIM_SITE\monologue-backend\node_modules\jest-circus\build\legacy-code-todo-rewrite\jestAdapterInit.js:122:21)
    at jestAdapter (C:\Users\mzaka\Documents\TIM_SITE\monologue-backend\node_modules\jest-circus\build\legacy-code-todo-rewrite\jestAdapter.js:79:19)
    at runTestInternal (C:\Users\mzaka\Documents\TIM_SITE\monologue-backend\node_modules\jest-runner\build\runTest.js:367:16)
    at runTest (C:\Users\mzaka\Documents\TIM_SITE\monologue-backend\node_modules\jest-runner\build\runTest.js:444:34)
error: Error: Simulated Internal Server Error
    at Object.<anonymous> (C:\Users\mzaka\Documents\TIM_SITE\monologue-backend\middlewares\errorHandlingMiddleware.test.js:6:19)
    at Promise.then.completed (C:\Users\mzaka\Documents\TIM_SITE\monologue-backend\node_modules\jest-circus\build\utils.js:298:28)
    at new Promise (<anonymous>)
    at callAsyncCircusFn (C:\Users\mzaka\Documents\TIM_SITE\monologue-backend\node_modules\jest-circus\build\utils.js:231:10)
    at _callCircusTest (C:\Users\mzaka\Documents\TIM_SITE\monologue-backend\node_modules\jest-circus\build\run.js:316:40)
    at _runTest (C:\Users\mzaka\Documents\TIM_SITE\monologue-backend\node_modules\jest-circus\build\run.js:252:3)
    at _runTestsForDescribeBlock (C:\Users\mzaka\Documents\TIM_SITE\monologue-backend\node_modules\jest-circus\build\run.js:126:9)
    at _runTestsForDescribeBlock (C:\Users\mzaka\Documents\TIM_SITE\monologue-backend\node_modules\jest-circus\build\run.js:121:9)
    at run (C:\Users\mzaka\Documents\TIM_SITE\monologue-backend\node_modules\jest-circus\build\run.js:71:3)
    at runAndTransformResultsToJestFormat (C:\Users\mzaka\Documents\TIM_SITE\monologue-backend\node_modules\jest-circus\build\legacy-code-todo-rewrite\jestAdapterInit.js:122:21)
    at jestAdapter (C:\Users\mzaka\Documents\TIM_SITE\monologue-backend\node_modules\jest-circus\build\legacy-code-todo-rewrite\jestAdapter.js:79:19)
    at runTestInternal (C:\Users\mzaka\Documents\TIM_SITE\monologue-backend\node_modules\jest-runner\build\runTest.js:367:16)
    at runTest (C:\Users\mzaka\Documents\TIM_SITE\monologue-backend\node_modules\jest-runner\build\runTest.js:444:34)
error: Error: Simulated Internal Server Error
    at Object.<anonymous> (C:\Users\mzaka\Documents\TIM_SITE\monologue-backend\middlewares\errorHandlingMiddleware.test.js:6:19)
    at Promise.then.completed (C:\Users\mzaka\Documents\TIM_SITE\monologue-backend\node_modules\jest-circus\build\utils.js:298:28)
    at new Promise (<anonymous>)
    at callAsyncCircusFn (C:\Users\mzaka\Documents\TIM_SITE\monologue-backend\node_modules\jest-circus\build\utils.js:231:10)
    at _callCircusTest (C:\Users\mzaka\Documents\TIM_SITE\monologue-backend\node_modules\jest-circus\build\run.js:316:40)
    at _runTest (C:\Users\mzaka\Documents\TIM_SITE\monologue-backend\node_modules\jest-circus\build\run.js:252:3)
    at _runTestsForDescribeBlock (C:\Users\mzaka\Documents\TIM_SITE\monologue-backend\node_modules\jest-circus\build\run.js:126:9)
    at _runTestsForDescribeBlock (C:\Users\mzaka\Documents\TIM_SITE\monologue-backend\node_modules\jest-circus\build\run.js:121:9)
    at run (C:\Users\mzaka\Documents\TIM_SITE\monologue-backend\node_modules\jest-circus\build\run.js:71:3)
    at runAndTransformResultsToJestFormat (C:\Users\mzaka\Documents\TIM_SITE\monologue-backend\node_modules\jest-circus\build\legacy-code-todo-rewrite\jestAdapterInit.js:122:21)
    at jestAdapter (C:\Users\mzaka\Documents\TIM_SITE\monologue-backend\node_modules\jest-circus\build\legacy-code-todo-rewrite\jestAdapter.js:79:19)
    at runTestInternal (C:\Users\mzaka\Documents\TIM_SITE\monologue-backend\node_modules\jest-runner\build\runTest.js:367:16)
    at runTest (C:\Users\mzaka\Documents\TIM_SITE\monologue-backend\node_modules\jest-runner\build\runTest.js:444:34)
error: Error: Simulated Internal Server Error
    at Object.<anonymous> (C:\Users\mzaka\Documents\TIM_SITE\monologue-backend\middlewares\errorHandlingMiddleware.test.js:6:19)
    at Promise.then.completed (C:\Users\mzaka\Documents\TIM_SITE\monologue-backend\node_modules\jest-circus\build\utils.js:298:28)
    at new Promise (<anonymous>)
    at callAsyncCircusFn (C:\Users\mzaka\Documents\TIM_SITE\monologue-backend\node_modules\jest-circus\build\utils.js:231:10)
    at _callCircusTest (C:\Users\mzaka\Documents\TIM_SITE\monologue-backend\node_modules\jest-circus\build\run.js:316:40)
    at _runTest (C:\Users\mzaka\Documents\TIM_SITE\monologue-backend\node_modules\jest-circus\build\run.js:252:3)
    at _runTestsForDescribeBlock (C:\Users\mzaka\Documents\TIM_SITE\monologue-backend\node_modules\jest-circus\build\run.js:126:9)
    at _runTestsForDescribeBlock (C:\Users\mzaka\Documents\TIM_SITE\monologue-backend\node_modules\jest-circus\build\run.js:121:9)
    at run (C:\Users\mzaka\Documents\TIM_SITE\monologue-backend\node_modules\jest-circus\build\run.js:71:3)
    at runAndTransformResultsToJestFormat (C:\Users\mzaka\Documents\TIM_SITE\monologue-backend\node_modules\jest-circus\build\legacy-code-todo-rewrite\jestAdapterInit.js:122:21)
    at jestAdapter (C:\Users\mzaka\Documents\TIM_SITE\monologue-backend\node_modules\jest-circus\build\legacy-code-todo-rewrite\jestAdapter.js:79:19)
    at runTestInternal (C:\Users\mzaka\Documents\TIM_SITE\monologue-backend\node_modules\jest-runner\build\runTest.js:367:16)
    at runTest (C:\Users\mzaka\Documents\TIM_SITE\monologue-backend\node_modules\jest-runner\build\runTest.js:444:34)
error: Error: Simulated Internal Server Error
    at Object.<anonymous> (C:\Users\mzaka\Documents\TIM_SITE\monologue-backend\middlewares\errorHandlingMiddleware.test.js:6:19)
    at Promise.then.completed (C:\Users\mzaka\Documents\TIM_SITE\monologue-backend\node_modules\jest-circus\build\utils.js:298:28)
    at new Promise (<anonymous>)
    at callAsyncCircusFn (C:\Users\mzaka\Documents\TIM_SITE\monologue-backend\node_modules\jest-circus\build\utils.js:231:10)
    at _callCircusTest (C:\Users\mzaka\Documents\TIM_SITE\monologue-backend\node_modules\jest-circus\build\run.js:316:40)
    at _runTest (C:\Users\mzaka\Documents\TIM_SITE\monologue-backend\node_modules\jest-circus\build\run.js:252:3)
    at _runTestsForDescribeBlock (C:\Users\mzaka\Documents\TIM_SITE\monologue-backend\node_modules\jest-circus\build\run.js:126:9)
    at _runTestsForDescribeBlock (C:\Users\mzaka\Documents\TIM_SITE\monologue-backend\node_modules\jest-circus\build\run.js:121:9)
    at run (C:\Users\mzaka\Documents\TIM_SITE\monologue-backend\node_modules\jest-circus\build\run.js:71:3)
    at runAndTransformResultsToJestFormat (C:\Users\mzaka\Documents\TIM_SITE\monologue-backend\node_modules\jest-circus\build\legacy-code-todo-rewrite\jestAdapterInit.js:122:21)
    at jestAdapter (C:\Users\mzaka\Documents\TIM_SITE\monologue-backend\node_modules\jest-circus\build\legacy-code-todo-rewrite\jestAdapter.js:79:19)
    at runTestInternal (C:\Users\mzaka\Documents\TIM_SITE\monologue-backend\node_modules\jest-runner\build\runTest.js:367:16)
    at runTest (C:\Users\mzaka\Documents\TIM_SITE\monologue-backend\node_modules\jest-runner\build\runTest.js:444:34)
error: Error: Simulated Internal Server Error
    at Object.<anonymous> (C:\Users\mzaka\Documents\TIM_SITE\monologue-backend\middlewares\errorHandlingMiddleware.test.js:6:19)
    at Promise.then.completed (C:\Users\mzaka\Documents\TIM_SITE\monologue-backend\node_modules\jest-circus\build\utils.js:298:28)
    at new Promise (<anonymous>)
    at callAsyncCircusFn (C:\Users\mzaka\Documents\TIM_SITE\monologue-backend\node_modules\jest-circus\build\utils.js:231:10)
    at _callCircusTest (C:\Users\mzaka\Documents\TIM_SITE\monologue-backend\node_modules\jest-circus\build\run.js:316:40)
    at _runTest (C:\Users\mzaka\Documents\TIM_SITE\monologue-backend\node_modules\jest-circus\build\run.js:252:3)
    at _runTestsForDescribeBlock (C:\Users\mzaka\Documents\TIM_SITE\monologue-backend\node_modules\jest-circus\build\run.js:126:9)
    at _runTestsForDescribeBlock (C:\Users\mzaka\Documents\TIM_SITE\monologue-backend\node_modules\jest-circus\build\run.js:121:9)
    at run (C:\Users\mzaka\Documents\TIM_SITE\monologue-backend\node_modules\jest-circus\build\run.js:71:3)
    at runAndTransformResultsToJestFormat (C:\Users\mzaka\Documents\TIM_SITE\monologue-backend\node_modules\jest-circus\build\legacy-code-todo-rewrite\jestAdapterInit.js:122:21)
    at jestAdapter (C:\Users\mzaka\Documents\TIM_SITE\monologue-backend\node_modules\jest-circus\build\legacy-code-todo-rewrite\jestAdapter.js:79:19)
    at runTestInternal (C:\Users\mzaka\Documents\TIM_SITE\monologue-backend\node_modules\jest-runner\build\runTest.js:367:16)
    at runTest (C:\Users\mzaka\Documents\TIM_SITE\monologue-backend\node_modules\jest-runner\build\runTest.js:444:34)
error: Error: Simulated Internal Server Error
    at Object.<anonymous> (C:\Users\mzaka\Documents\TIM_SITE\monologue-backend\middlewares\errorHandlingMiddleware.test.js:6:19)
    at Promise.then.completed (C:\Users\mzaka\Documents\TIM_SITE\monologue-backend\node_modules\jest-circus\build\utils.js:298:28)
    at new Promise (<anonymous>)
    at callAsyncCircusFn (C:\Users\mzaka\Documents\TIM_SITE\monologue-backend\node_modules\jest-circus\build\utils.js:231:10)
    at _callCircusTest (C:\Users\mzaka\Documents\TIM_SITE\monologue-backend\node_modules\jest-circus\build\run.js:316:40)
    at _runTest (C:\Users\mzaka\Documents\TIM_SITE\monologue-backend\node_modules\jest-circus\build\run.js:252:3)
    at _runTestsForDescribeBlock (C:\Users\mzaka\Documents\TIM_SITE\monologue-backend\node_modules\jest-circus\build\run.js:126:9)
    at _runTestsForDescribeBlock (C:\Users\mzaka\Documents\TIM_SITE\monologue-backend\node_modules\jest-circus\build\run.js:121:9)
    at run (C:\Users\mzaka\Documents\TIM_SITE\monologue-backend\node_modules\jest-circus\build\run.js:71:3)
    at runAndTransformResultsToJestFormat (C:\Users\mzaka\Documents\TIM_SITE\monologue-backend\node_modules\jest-circus\build\legacy-code-todo-rewrite\jestAdapterInit.js:122:21)
    at jestAdapter (C:\Users\mzaka\Documents\TIM_SITE\monologue-backend\node_modules\jest-circus\build\legacy-code-todo-rewrite\jestAdapter.js:79:19)
    at runTestInternal (C:\Users\mzaka\Documents\TIM_SITE\monologue-backend\node_modules\jest-runner\build\runTest.js:367:16)
    at runTest (C:\Users\mzaka\Documents\TIM_SITE\monologue-backend\node_modules\jest-runner\build\runTest.js:444:34)
error: Error: Simulated Internal Server Error
    at Object.<anonymous> (C:\Users\mzaka\Documents\TIM_SITE\monologue-backend\middlewares\errorHandlingMiddleware.test.js:6:19)
    at Promise.then.completed (C:\Users\mzaka\Documents\TIM_SITE\monologue-backend\node_modules\jest-circus\build\utils.js:298:28)
    at new Promise (<anonymous>)
    at callAsyncCircusFn (C:\Users\mzaka\Documents\TIM_SITE\monologue-backend\node_modules\jest-circus\build\utils.js:231:10)
    at _callCircusTest (C:\Users\mzaka\Documents\TIM_SITE\monologue-backend\node_modules\jest-circus\build\run.js:316:40)
    at _runTest (C:\Users\mzaka\Documents\TIM_SITE\monologue-backend\node_modules\jest-circus\build\run.js:252:3)
    at _runTestsForDescribeBlock (C:\Users\mzaka\Documents\TIM_SITE\monologue-backend\node_modules\jest-circus\build\run.js:126:9)
    at _runTestsForDescribeBlock (C:\Users\mzaka\Documents\TIM_SITE\monologue-backend\node_modules\jest-circus\build\run.js:121:9)
    at run (C:\Users\mzaka\Documents\TIM_SITE\monologue-backend\node_modules\jest-circus\build\run.js:71:3)
    at runAndTransformResultsToJestFormat (C:\Users\mzaka\Documents\TIM_SITE\monologue-backend\node_modules\jest-circus\build\legacy-code-todo-rewrite\jestAdapterInit.js:122:21)
    at jestAdapter (C:\Users\mzaka\Documents\TIM_SITE\monologue-backend\node_modules\jest-circus\build\legacy-code-todo-rewrite\jestAdapter.js:79:19)
    at runTestInternal (C:\Users\mzaka\Documents\TIM_SITE\monologue-backend\node_modules\jest-runner\build\runTest.js:367:16)
    at runTest (C:\Users\mzaka\Documents\TIM_SITE\monologue-backend\node_modules\jest-runner\build\runTest.js:444:34)
error: Error in getAllContestants controller: getaddrinfo ENOTFOUND mysql2 {"stack":"Error: getaddrinfo ENOTFOUND mysql2\n    at GetAddrInfoReqWrap.onlookupall [as oncomplete] (node:dns:118:26)"}
error: TypeError: next is not a function
    at exports.getAllContestants (C:\Users\mzaka\Documents\TIM_SITE\monologue-backend\controllers\uploadControllers.js:87:9)
    at process.processTicksAndRejections (node:internal/process/task_queues:95:5)
    at async C:\Users\mzaka\Documents\TIM_SITE\monologue-backend\routes\uploadRoutes.js:17:5
error: Error in getAllContestants controller: getaddrinfo ENOTFOUND mysql2 {"stack":"Error: getaddrinfo ENOTFOUND mysql2\n    at GetAddrInfoReqWrap.onlookupall [as oncomplete] (node:dns:118:26)"}
error: TypeError: next is not a function
    at exports.getAllContestants (C:\Users\mzaka\Documents\TIM_SITE\monologue-backend\controllers\uploadControllers.js:87:9)
    at process.processTicksAndRejections (node:internal/process/task_queues:95:5)
    at async C:\Users\mzaka\Documents\TIM_SITE\monologue-backend\routes\uploadRoutes.js:17:5
error: Error in getAllContestants controller: getaddrinfo ENOTFOUND mysql2 {"stack":"Error: getaddrinfo ENOTFOUND mysql2\n    at GetAddrInfoReqWrap.onlookupall [as oncomplete] (node:dns:118:26)"}
error: TypeError: next is not a function
    at exports.getAllContestants (C:\Users\mzaka\Documents\TIM_SITE\monologue-backend\controllers\uploadControllers.js:87:9)
    at process.processTicksAndRejections (node:internal/process/task_queues:95:5)
    at async C:\Users\mzaka\Documents\TIM_SITE\monologue-backend\routes\uploadRoutes.js:17:5
error: Error in getContestantById controller: select * from `contestants` where `id` = '10' limit 1 - read ECONNRESET {"stack":"Error: read ECONNRESET\n    at TCP.onStreamRead (node:internal/stream_base_commons:217:20)"}
error: Error in updateContestant controller: update `contestants` set `url_video` = '<iframe src=\"https://www.facebook.com/plugins/video.php?height=476&href=https%3A%2F%2Fwww.facebook.com%2Flaura.clery%2Fvideos%2F210215628793488%2F&show_text=false&width=380&t=0\" width=\"380\" height=\"476\" style=\"border:none;overflow:hidden\" scrolling=\"no\" frameborder=\"0\" allowfullscreen=\"true\" allow=\"autoplay; clipboard-write; encrypted-media; picture-in-picture; web-share\" allowFullScreen=\"true\"></iframe>', `description` = 'testing facebook - not working' where `id` = '25' - Data too long for column 'url_video' at row 1 {"stack":"Error: update `contestants` set `url_video` = '<iframe src=\\\"https://www.facebook.com/plugins/video.php?height=476&href=https%3A%2F%2Fwww.facebook.com%2Flaura.clery%2Fvideos%2F210215628793488%2F&show_text=false&width=380&t=0\\\" width=\\\"380\\\" height=\\\"476\\\" style=\\\"border:none;overflow:hidden\\\" scrolling=\\\"no\\\" frameborder=\\\"0\\\" allowfullscreen=\\\"true\\\" allow=\\\"autoplay; clipboard-write; encrypted-media; picture-in-picture; web-share\\\" allowFullScreen=\\\"true\\\"></iframe>', `description` = 'testing facebook - not working' where `id` = '25' - Data too long for column 'url_video' at row 1\n    at Packet.asError (C:\\Users\\mzaka\\Documents\\TIM_SITE\\monologue-backend\\node_modules\\mysql2\\lib\\packets\\packet.js:728:17)\n    at Query.execute (C:\\Users\\mzaka\\Documents\\TIM_SITE\\monologue-backend\\node_modules\\mysql2\\lib\\commands\\command.js:29:26)\n    at Connection.handlePacket (C:\\Users\\mzaka\\Documents\\TIM_SITE\\monologue-backend\\node_modules\\mysql2\\lib\\connection.js:478:34)\n    at PacketParser.onPacket (C:\\Users\\mzaka\\Documents\\TIM_SITE\\monologue-backend\\node_modules\\mysql2\\lib\\connection.js:97:12)\n    at PacketParser.executeStart (C:\\Users\\mzaka\\Documents\\TIM_SITE\\monologue-backend\\node_modules\\mysql2\\lib\\packet_parser.js:75:16)\n    at Socket.<anonymous> (C:\\Users\\mzaka\\Documents\\TIM_SITE\\monologue-backend\\node_modules\\mysql2\\lib\\connection.js:104:25)\n    at Socket.emit (node:events:514:28)\n    at addChunk (node:internal/streams/readable:343:12)\n    at readableAddChunk (node:internal/streams/readable:316:9)\n    at Readable.push (node:internal/streams/readable:253:10)"}
error: Error in updateContestant controller: update `contestants` set `url_video` = '<iframe src=\"https://www.facebook.com/plugins/video.php?height=476&href=https%3A%2F%2Fwww.facebook.com%2Flaura.clery%2Fvideos%2F210215628793488%2F&show_text=false&width=380&t=0\" width=\"380\" height=\"476\" style=\"border:none;overflow:hidden\" scrolling=\"no\" frameborder=\"0\" allowfullscreen=\"true\" allow=\"autoplay; clipboard-write; encrypted-media; picture-in-picture; web-share\" allowFullScreen=\"true\"></iframe>', `description` = 'testing facebook - not working' where `id` = '25' - Data too long for column 'url_video' at row 1 {"stack":"Error: update `contestants` set `url_video` = '<iframe src=\\\"https://www.facebook.com/plugins/video.php?height=476&href=https%3A%2F%2Fwww.facebook.com%2Flaura.clery%2Fvideos%2F210215628793488%2F&show_text=false&width=380&t=0\\\" width=\\\"380\\\" height=\\\"476\\\" style=\\\"border:none;overflow:hidden\\\" scrolling=\\\"no\\\" frameborder=\\\"0\\\" allowfullscreen=\\\"true\\\" allow=\\\"autoplay; clipboard-write; encrypted-media; picture-in-picture; web-share\\\" allowFullScreen=\\\"true\\\"></iframe>', `description` = 'testing facebook - not working' where `id` = '25' - Data too long for column 'url_video' at row 1\n    at Packet.asError (C:\\Users\\mzaka\\Documents\\TIM_SITE\\monologue-backend\\node_modules\\mysql2\\lib\\packets\\packet.js:728:17)\n    at Query.execute (C:\\Users\\mzaka\\Documents\\TIM_SITE\\monologue-backend\\node_modules\\mysql2\\lib\\commands\\command.js:29:26)\n    at Connection.handlePacket (C:\\Users\\mzaka\\Documents\\TIM_SITE\\monologue-backend\\node_modules\\mysql2\\lib\\connection.js:478:34)\n    at PacketParser.onPacket (C:\\Users\\mzaka\\Documents\\TIM_SITE\\monologue-backend\\node_modules\\mysql2\\lib\\connection.js:97:12)\n    at PacketParser.executeStart (C:\\Users\\mzaka\\Documents\\TIM_SITE\\monologue-backend\\node_modules\\mysql2\\lib\\packet_parser.js:75:16)\n    at Socket.<anonymous> (C:\\Users\\mzaka\\Documents\\TIM_SITE\\monologue-backend\\node_modules\\mysql2\\lib\\connection.js:104:25)\n    at Socket.emit (node:events:514:28)\n    at addChunk (node:internal/streams/readable:343:12)\n    at readableAddChunk (node:internal/streams/readable:316:9)\n    at Readable.push (node:internal/streams/readable:253:10)"}
error: Error in updateContestant controller: update `contestants` set `url_video` = '<iframe src=\"https://www.facebook.com/plugins/video.php?height=476&href=https%3A%2F%2Fwww.facebook.com%2Flaura.clery%2Fvideos%2F210215628793488%2F&show_text=false&width=380&t=0\" width=\"380\" height=\"476\" style=\"border:none;overflow:hidden\" scrolling=\"no\" frameborder=\"0\" allowfullscreen=\"true\" allow=\"autoplay; clipboard-write; encrypted-media; picture-in-picture; web-share\" allowFullScreen=\"true\"></iframe>', `description` = 'testing facebook - not working' where `id` = '25' - Data too long for column 'url_video' at row 1 {"stack":"Error: update `contestants` set `url_video` = '<iframe src=\\\"https://www.facebook.com/plugins/video.php?height=476&href=https%3A%2F%2Fwww.facebook.com%2Flaura.clery%2Fvideos%2F210215628793488%2F&show_text=false&width=380&t=0\\\" width=\\\"380\\\" height=\\\"476\\\" style=\\\"border:none;overflow:hidden\\\" scrolling=\\\"no\\\" frameborder=\\\"0\\\" allowfullscreen=\\\"true\\\" allow=\\\"autoplay; clipboard-write; encrypted-media; picture-in-picture; web-share\\\" allowFullScreen=\\\"true\\\"></iframe>', `description` = 'testing facebook - not working' where `id` = '25' - Data too long for column 'url_video' at row 1\n    at Packet.asError (C:\\Users\\mzaka\\Documents\\TIM_SITE\\monologue-backend\\node_modules\\mysql2\\lib\\packets\\packet.js:728:17)\n    at Query.execute (C:\\Users\\mzaka\\Documents\\TIM_SITE\\monologue-backend\\node_modules\\mysql2\\lib\\commands\\command.js:29:26)\n    at Connection.handlePacket (C:\\Users\\mzaka\\Documents\\TIM_SITE\\monologue-backend\\node_modules\\mysql2\\lib\\connection.js:478:34)\n    at PacketParser.onPacket (C:\\Users\\mzaka\\Documents\\TIM_SITE\\monologue-backend\\node_modules\\mysql2\\lib\\connection.js:97:12)\n    at PacketParser.executeStart (C:\\Users\\mzaka\\Documents\\TIM_SITE\\monologue-backend\\node_modules\\mysql2\\lib\\packet_parser.js:75:16)\n    at Socket.<anonymous> (C:\\Users\\mzaka\\Documents\\TIM_SITE\\monologue-backend\\node_modules\\mysql2\\lib\\connection.js:104:25)\n    at Socket.emit (node:events:514:28)\n    at addChunk (node:internal/streams/readable:343:12)\n    at readableAddChunk (node:internal/streams/readable:316:9)\n    at Readable.push (node:internal/streams/readable:253:10)"}
error: Error in updateContestant controller: update `contestants` set `url_video` = '<iframe src=\"https://www.facebook.com/plugins/video.php?height=476&href=https%3A%2F%2Fwww.facebook.com%2Flaura.clery%2Fvideos%2F210215628793488%2F&show_text=false&width=380&t=0\" width=\"380\" height=\"476\" style=\"border:none;overflow:hidden\" scrolling=\"no\" frameborder=\"0\" allowfullscreen=\"true\" allow=\"autoplay; clipboard-write; encrypted-media; picture-in-picture; web-share\" allowFullScreen=\"true\"></iframe>', `description` = 'testing facebook - not working' where `id` = '25' - Data too long for column 'url_video' at row 1 {"stack":"Error: update `contestants` set `url_video` = '<iframe src=\\\"https://www.facebook.com/plugins/video.php?height=476&href=https%3A%2F%2Fwww.facebook.com%2Flaura.clery%2Fvideos%2F210215628793488%2F&show_text=false&width=380&t=0\\\" width=\\\"380\\\" height=\\\"476\\\" style=\\\"border:none;overflow:hidden\\\" scrolling=\\\"no\\\" frameborder=\\\"0\\\" allowfullscreen=\\\"true\\\" allow=\\\"autoplay; clipboard-write; encrypted-media; picture-in-picture; web-share\\\" allowFullScreen=\\\"true\\\"></iframe>', `description` = 'testing facebook - not working' where `id` = '25' - Data too long for column 'url_video' at row 1\n    at Packet.asError (C:\\Users\\mzaka\\Documents\\TIM_SITE\\monologue-backend\\node_modules\\mysql2\\lib\\packets\\packet.js:728:17)\n    at Query.execute (C:\\Users\\mzaka\\Documents\\TIM_SITE\\monologue-backend\\node_modules\\mysql2\\lib\\commands\\command.js:29:26)\n    at Connection.handlePacket (C:\\Users\\mzaka\\Documents\\TIM_SITE\\monologue-backend\\node_modules\\mysql2\\lib\\connection.js:478:34)\n    at PacketParser.onPacket (C:\\Users\\mzaka\\Documents\\TIM_SITE\\monologue-backend\\node_modules\\mysql2\\lib\\connection.js:97:12)\n    at PacketParser.executeStart (C:\\Users\\mzaka\\Documents\\TIM_SITE\\monologue-backend\\node_modules\\mysql2\\lib\\packet_parser.js:75:16)\n    at Socket.<anonymous> (C:\\Users\\mzaka\\Documents\\TIM_SITE\\monologue-backend\\node_modules\\mysql2\\lib\\connection.js:104:25)\n    at Socket.emit (node:events:514:28)\n    at addChunk (node:internal/streams/readable:343:12)\n    at readableAddChunk (node:internal/streams/readable:316:9)\n    at Readable.push (node:internal/streams/readable:253:10)"}
error: ReferenceError: logger is not defined
    at exports.payment (C:\Users\mzaka\Documents\TIM_SITE\monologue-backend\controllers\handlePaymentControllers.js:46:9)
    at process.processTicksAndRejections (node:internal/process/task_queues:95:5)
    at async C:\Users\mzaka\Documents\TIM_SITE\monologue-backend\routes\paymentRoutes.js:9:5
error: Unhandled error processing payment: knex is not a function {"stack":"TypeError: knex is not a function\n    at exports.payment (C:\\Users\\mzaka\\Documents\\TIM_SITE\\monologue-backend\\controllers\\handlePaymentControllers.js:22:12)\n    at process.processTicksAndRejections (node:internal/process/task_queues:95:5)\n    at async C:\\Users\\mzaka\\Documents\\TIM_SITE\\monologue-backend\\routes\\paymentRoutes.js:9:5"}
error: TypeError: next is not a function
    at exports.payment (C:\Users\mzaka\Documents\TIM_SITE\monologue-backend\controllers\handlePaymentControllers.js:50:9)
    at process.processTicksAndRejections (node:internal/process/task_queues:95:5)
    at async C:\Users\mzaka\Documents\TIM_SITE\monologue-backend\routes\paymentRoutes.js:9:5
error: ReferenceError: logger is not defined
    at exports.payment (C:\Users\mzaka\Documents\TIM_SITE\monologue-backend\controllers\handlePaymentControllers.js:80:13)
    at process.processTicksAndRejections (node:internal/process/task_queues:95:5)
    at async C:\Users\mzaka\Documents\TIM_SITE\monologue-backend\routes\paymentRoutes.js:9:5
error: Unhandled error processing payment: knex is not a function {"stack":"TypeError: knex is not a function\n    at exports.payment (C:\\Users\\mzaka\\Documents\\TIM_SITE\\monologue-backend\\controllers\\handlePaymentControllers.js:70:15)\n    at process.processTicksAndRejections (node:internal/process/task_queues:95:5)\n    at async C:\\Users\\mzaka\\Documents\\TIM_SITE\\monologue-backend\\routes\\paymentRoutes.js:9:5"}
error: TypeError: next is not a function
    at exports.payment (C:\Users\mzaka\Documents\TIM_SITE\monologue-backend\controllers\handlePaymentControllers.js:84:13)
    at process.processTicksAndRejections (node:internal/process/task_queues:95:5)
    at async C:\Users\mzaka\Documents\TIM_SITE\monologue-backend\routes\paymentRoutes.js:9:5
error: Unhandled error processing payment: Cannot destructure property 'paymentMethod' of 'req.body' as it is undefined. {"stack":"TypeError: Cannot destructure property 'paymentMethod' of 'req.body' as it is undefined.\n    at exports.payment (C:\\Users\\mzaka\\Documents\\TIM_SITE\\monologue-backend\\controllers\\handlePaymentControllers.js:56:17)\n    at C:\\Users\\mzaka\\Documents\\TIM_SITE\\monologue-backend\\routes\\paymentRoutes.js:9:29\n    at Layer.handle [as handle_request] (C:\\Users\\mzaka\\Documents\\TIM_SITE\\monologue-backend\\node_modules\\express\\lib\\router\\layer.js:95:5)\n    at next (C:\\Users\\mzaka\\Documents\\TIM_SITE\\monologue-backend\\node_modules\\express\\lib\\router\\route.js:144:13)\n    at Route.dispatch (C:\\Users\\mzaka\\Documents\\TIM_SITE\\monologue-backend\\node_modules\\express\\lib\\router\\route.js:114:3)\n    at Layer.handle [as handle_request] (C:\\Users\\mzaka\\Documents\\TIM_SITE\\monologue-backend\\node_modules\\express\\lib\\router\\layer.js:95:5)\n    at C:\\Users\\mzaka\\Documents\\TIM_SITE\\monologue-backend\\node_modules\\express\\lib\\router\\index.js:284:15\n    at Function.process_params (C:\\Users\\mzaka\\Documents\\TIM_SITE\\monologue-backend\\node_modules\\express\\lib\\router\\index.js:346:12)\n    at next (C:\\Users\\mzaka\\Documents\\TIM_SITE\\monologue-backend\\node_modules\\express\\lib\\router\\index.js:280:10)\n    at Function.handle (C:\\Users\\mzaka\\Documents\\TIM_SITE\\monologue-backend\\node_modules\\express\\lib\\router\\index.js:175:3)"}
error: TypeError: Cannot read properties of undefined (reading 'status')
    at exports.payment (C:\Users\mzaka\Documents\TIM_SITE\monologue-backend\controllers\handlePaymentControllers.js:83:17)
    at C:\Users\mzaka\Documents\TIM_SITE\monologue-backend\routes\paymentRoutes.js:9:29
    at Layer.handle [as handle_request] (C:\Users\mzaka\Documents\TIM_SITE\monologue-backend\node_modules\express\lib\router\layer.js:95:5)
    at next (C:\Users\mzaka\Documents\TIM_SITE\monologue-backend\node_modules\express\lib\router\route.js:144:13)
    at Route.dispatch (C:\Users\mzaka\Documents\TIM_SITE\monologue-backend\node_modules\express\lib\router\route.js:114:3)
    at Layer.handle [as handle_request] (C:\Users\mzaka\Documents\TIM_SITE\monologue-backend\node_modules\express\lib\router\layer.js:95:5)
    at C:\Users\mzaka\Documents\TIM_SITE\monologue-backend\node_modules\express\lib\router\index.js:284:15
    at Function.process_params (C:\Users\mzaka\Documents\TIM_SITE\monologue-backend\node_modules\express\lib\router\index.js:346:12)
    at next (C:\Users\mzaka\Documents\TIM_SITE\monologue-backend\node_modules\express\lib\router\index.js:280:10)
    at Function.handle (C:\Users\mzaka\Documents\TIM_SITE\monologue-backend\node_modules\express\lib\router\index.js:175:3)
